

*******************************************************************************
Tue Apr 09 08:18:55 2024


FIT:    data read from 'confirmados_fecha.csv' using 1:3 every :::0::d
        format = x:z
        x range restricted to [0.00000 : 400.000]
        #datapoints = 400
        residuals are weighted equally (unit weight)

function used for fitting: f(x)
	f(x)=A*exp(-((x-u)/r)**2/2)
fitted parameters initialized with current variable values

iter      chisq       delta/lim  lambda   A             u             r            
   0 1.4152527379e+07   0.00e+00  2.89e+02    4.000000e+02   2.000000e+02   1.000000e+02
   6 1.0302415391e+07  -8.05e-01  2.89e-04    4.023127e+02   2.516749e+02   1.653299e+02

After 6 iterations the fit converged.
final sum of squares of residuals : 1.03024e+07
rel. change during last iteration : -8.05009e-06

degrees of freedom    (FIT_NDF)                        : 397
rms of residuals      (FIT_STDFIT) = sqrt(WSSR/ndf)    : 161.092
variance of residuals (reduced chisquare) = WSSR/ndf   : 25950.7

Final set of parameters            Asymptotic Standard Error
=======================            ==========================
A               = 402.313          +/- 13.03        (3.238%)
u               = 251.675          +/- 8.587        (3.412%)
r               = 165.33           +/- 11.78        (7.126%)

correlation matrix of the fit parameters:
                A      u      r      
A               1.000 
u              -0.187  1.000 
r              -0.621  0.512  1.000 


*******************************************************************************
Sun Apr 14 22:57:59 2024


FIT:    data read from 'confirmados_fecha.csv' using 1:3 every :::0::d
        format = x:z
        #datapoints = 127
        residuals are weighted equally (unit weight)

function used for fitting: f(x)
	f(x) = A*exp(-((x-u)/r)**2/2)
fitted parameters initialized with current variable values

iter      chisq       delta/lim  lambda   A             u             r            
   0 6.5744915588e+05   0.00e+00  7.16e+02    8.000000e+02   1.350000e+02   3.000000e+01
   4 5.6983349914e+05  -2.02e-01  7.16e-02    8.571288e+02   1.472740e+02   3.656932e+01

After 4 iterations the fit converged.
final sum of squares of residuals : 569833
rel. change during last iteration : -2.01746e-06

degrees of freedom    (FIT_NDF)                        : 124
rms of residuals      (FIT_STDFIT) = sqrt(WSSR/ndf)    : 67.7896
variance of residuals (reduced chisquare) = WSSR/ndf   : 4595.43

Final set of parameters            Asymptotic Standard Error
=======================            ==========================
A               = 857.129          +/- 136.5        (15.93%)
u               = 147.274          +/- 10.69        (7.258%)
r               = 36.5693          +/- 4.484        (12.26%)

correlation matrix of the fit parameters:
                A      u      r      
A               1.000 
u               0.978  1.000 
r               0.920  0.977  1.000 


*******************************************************************************
Sun Apr 14 23:02:08 2024


FIT:    data read from 'confirmados_fecha.csv' using 1:3 every :::0::d
        format = x:z
        x range restricted to [0.00000 : 400.000]
        #datapoints = 127
        residuals are weighted equally (unit weight)

function used for fitting: f(x)
	f(x) = A*exp(-((x-u)/r)**2/2)
fitted parameters initialized with current variable values

iter      chisq       delta/lim  lambda   A             u             r            
   0 3.7253613291e+06   0.00e+00  2.98e+02    4.000000e+02   2.000000e+02   1.000000e+02
  16 5.6983351312e+05   0.00e+00  2.98e+08    8.570444e+02   1.472667e+02   3.656598e+01

After 16 iterations the fit converged.
final sum of squares of residuals : 569834
rel. change during last iteration : 0

degrees of freedom    (FIT_NDF)                        : 124
rms of residuals      (FIT_STDFIT) = sqrt(WSSR/ndf)    : 67.7896
variance of residuals (reduced chisquare) = WSSR/ndf   : 4595.43

Final set of parameters            Asymptotic Standard Error
=======================            ==========================
A               = 857.044          +/- 136.5        (15.93%)
u               = 147.267          +/- 10.69        (7.256%)
r               = 36.566           +/- 4.483        (12.26%)

correlation matrix of the fit parameters:
                A      u      r      
A               1.000 
u               0.978  1.000 
r               0.920  0.977  1.000 


*******************************************************************************
Mon Apr 15 07:26:51 2024


FIT:    data read from 'confirmados_fecha.csv' using 1:3 every :::0::d
        format = x:z
        x range restricted to [0.00000 : 400.000]
        #datapoints = 127
        residuals are weighted equally (unit weight)

function used for fitting: f(x)
	f(x) = A*exp(-((x-u)/r)**2/2)
fitted parameters initialized with current variable values

iter      chisq       delta/lim  lambda   A             u             r            
   0 3.7253613291e+06   0.00e+00  2.98e+02    4.000000e+02   2.000000e+02   1.000000e+02
  16 5.6983351312e+05   0.00e+00  2.98e+08    8.570444e+02   1.472667e+02   3.656598e+01

After 16 iterations the fit converged.
final sum of squares of residuals : 569834
rel. change during last iteration : 0

degrees of freedom    (FIT_NDF)                        : 124
rms of residuals      (FIT_STDFIT) = sqrt(WSSR/ndf)    : 67.7896
variance of residuals (reduced chisquare) = WSSR/ndf   : 4595.43

Final set of parameters            Asymptotic Standard Error
=======================            ==========================
A               = 857.044          +/- 136.5        (15.93%)
u               = 147.267          +/- 10.69        (7.256%)
r               = 36.566           +/- 4.483        (12.26%)

correlation matrix of the fit parameters:
                A      u      r      
A               1.000 
u               0.978  1.000 
r               0.920  0.977  1.000 


*******************************************************************************
Mon Apr 15 07:29:00 2024


FIT:    data read from 'confirmados_fecha.csv' using 1:3 every :::0::d
        format = x:z
        #datapoints = 127
        residuals are weighted equally (unit weight)

function used for fitting: f(x)
	f(x) = A*exp(-((x-u)/r)**2/2)
fitted parameters initialized with current variable values

iter      chisq       delta/lim  lambda   A             u             r            
   0 3.7253613291e+06   0.00e+00  2.98e+02    4.000000e+02   2.000000e+02   1.000000e+02
  16 5.6983351312e+05   0.00e+00  2.98e+08    8.570444e+02   1.472667e+02   3.656598e+01

After 16 iterations the fit converged.
final sum of squares of residuals : 569834
rel. change during last iteration : 0

degrees of freedom    (FIT_NDF)                        : 124
rms of residuals      (FIT_STDFIT) = sqrt(WSSR/ndf)    : 67.7896
variance of residuals (reduced chisquare) = WSSR/ndf   : 4595.43

Final set of parameters            Asymptotic Standard Error
=======================            ==========================
A               = 857.044          +/- 136.5        (15.93%)
u               = 147.267          +/- 10.69        (7.256%)
r               = 36.566           +/- 4.483        (12.26%)

correlation matrix of the fit parameters:
                A      u      r      
A               1.000 
u               0.978  1.000 
r               0.920  0.977  1.000 


*******************************************************************************
Mon Apr 15 07:55:22 2024


FIT:    data read from 'confirmados_fecha_2.csv' using 1:3 every :::0::d
        format = x:z
        x range restricted to [0.00000 : 400.000]
        #datapoints = 384
        residuals are weighted equally (unit weight)

function used for fitting: f(x)
	f(x) = A*exp(-((x-u)/r)**2/2)
fitted parameters initialized with current variable values

iter      chisq       delta/lim  lambda   A             u             r            
   0 1.1282180968e+07   0.00e+00  2.92e+02    4.000000e+02   2.000000e+02   1.000000e+02
   7 9.2996944408e+06  -4.07e-01  2.92e-05    4.117862e+02   2.257410e+02   1.389471e+02

After 7 iterations the fit converged.
final sum of squares of residuals : 9.29969e+06
rel. change during last iteration : -4.0713e-06

degrees of freedom    (FIT_NDF)                        : 381
rms of residuals      (FIT_STDFIT) = sqrt(WSSR/ndf)    : 156.233
variance of residuals (reduced chisquare) = WSSR/ndf   : 24408.6

Final set of parameters            Asymptotic Standard Error
=======================            ==========================
A               = 411.786          +/- 13.43        (3.261%)
u               = 225.741          +/- 6.038        (2.675%)
r               = 138.947          +/- 8.1          (5.83%)

correlation matrix of the fit parameters:
                A      u      r      
A               1.000 
u              -0.130  1.000 
r              -0.638  0.317  1.000 


*******************************************************************************
Mon Apr 15 07:57:27 2024


FIT:    data read from 'confirmados_fecha_2.csv' using 1:3 every :::0::d
        format = x:z
        x range restricted to [0.00000 : 400.000]
        #datapoints = 384
        residuals are weighted equally (unit weight)

function used for fitting: f(x)
	f(x) = A*exp(-((x-u)/r)**2/2)
fitted parameters initialized with current variable values

iter      chisq       delta/lim  lambda   A             u             r            
   0 2.3071925579e+07   0.00e+00  5.92e+02    8.000000e+02   1.350000e+02   3.000000e+01
  12 9.2996948154e+06  -7.84e-01  5.92e-10    4.119839e+02   2.256790e+02   1.387582e+02

After 12 iterations the fit converged.
final sum of squares of residuals : 9.29969e+06
rel. change during last iteration : -7.83763e-06

degrees of freedom    (FIT_NDF)                        : 381
rms of residuals      (FIT_STDFIT) = sqrt(WSSR/ndf)    : 156.233
variance of residuals (reduced chisquare) = WSSR/ndf   : 24408.6

Final set of parameters            Asymptotic Standard Error
=======================            ==========================
A               = 411.984          +/- 13.43        (3.26%)
u               = 225.679          +/- 6.023        (2.669%)
r               = 138.758          +/- 8.074        (5.819%)

correlation matrix of the fit parameters:
                A      u      r      
A               1.000 
u              -0.129  1.000 
r              -0.638  0.316  1.000 


*******************************************************************************
Mon Apr 15 07:58:12 2024


FIT:    data read from 'confirmados_fecha_2.csv' using 1:3 every :::0::d
        format = x:z
        x range restricted to [0.00000 : 400.000]
        #datapoints = 384
        residuals are weighted equally (unit weight)

function used for fitting: f(x)
	f(x) = A*exp(-((x-u)/r)**2/2)
fitted parameters initialized with current variable values

iter      chisq       delta/lim  lambda   A             u             r            
   0 2.3071925579e+07   0.00e+00  5.92e+02    8.000000e+02   1.350000e+02   3.000000e+01
  12 9.2996948154e+06  -7.84e-01  5.92e-10    4.119839e+02   2.256790e+02   1.387582e+02

After 12 iterations the fit converged.
final sum of squares of residuals : 9.29969e+06
rel. change during last iteration : -7.83763e-06

degrees of freedom    (FIT_NDF)                        : 381
rms of residuals      (FIT_STDFIT) = sqrt(WSSR/ndf)    : 156.233
variance of residuals (reduced chisquare) = WSSR/ndf   : 24408.6

Final set of parameters            Asymptotic Standard Error
=======================            ==========================
A               = 411.984          +/- 13.43        (3.26%)
u               = 225.679          +/- 6.023        (2.669%)
r               = 138.758          +/- 8.074        (5.819%)

correlation matrix of the fit parameters:
                A      u      r      
A               1.000 
u              -0.129  1.000 
r              -0.638  0.316  1.000 


*******************************************************************************
Mon Apr 15 07:59:27 2024


FIT:    data read from 'confirmados_fecha_2.csv' using 1:3 every :::0::d
        format = x:z
        x range restricted to [0.00000 : 400.000]
        #datapoints = 384
        residuals are weighted equally (unit weight)

function used for fitting: f(x)
	f(x) = A*exp(-((x-u)/r)**2/2)
fitted parameters initialized with current variable values

iter      chisq       delta/lim  lambda   A             u             r            
   0 2.8607955074e+07   0.00e+00  7.03e+02    1.000000e+03   1.350000e+02   3.500000e+01
  12 9.2996913690e+06  -4.12e-01  7.03e-10    4.119641e+02   2.257095e+02   1.387813e+02

After 12 iterations the fit converged.
final sum of squares of residuals : 9.29969e+06
rel. change during last iteration : -4.1204e-06

degrees of freedom    (FIT_NDF)                        : 381
rms of residuals      (FIT_STDFIT) = sqrt(WSSR/ndf)    : 156.233
variance of residuals (reduced chisquare) = WSSR/ndf   : 24408.6

Final set of parameters            Asymptotic Standard Error
=======================            ==========================
A               = 411.964          +/- 13.43        (3.26%)
u               = 225.709          +/- 6.026        (2.67%)
r               = 138.781          +/- 8.078        (5.821%)

correlation matrix of the fit parameters:
                A      u      r      
A               1.000 
u              -0.129  1.000 
r              -0.638  0.316  1.000 


*******************************************************************************
Mon Apr 15 07:59:56 2024


FIT:    data read from 'confirmados_fecha_2.csv' using 1:3 every :::0::d
        format = x:z
        x range restricted to [0.00000 : 400.000]
        #datapoints = 384
        residuals are weighted equally (unit weight)

function used for fitting: f(x)
	f(x) = A*exp(-((x-u)/r)**2/2)
fitted parameters initialized with current variable values

iter      chisq       delta/lim  lambda   A             u             r            
   0 2.8607955074e+07   0.00e+00  7.03e+02    1.000000e+03   1.350000e+02   3.500000e+01
  12 9.2996913690e+06  -4.12e-01  7.03e-10    4.119641e+02   2.257095e+02   1.387813e+02

After 12 iterations the fit converged.
final sum of squares of residuals : 9.29969e+06
rel. change during last iteration : -4.1204e-06

degrees of freedom    (FIT_NDF)                        : 381
rms of residuals      (FIT_STDFIT) = sqrt(WSSR/ndf)    : 156.233
variance of residuals (reduced chisquare) = WSSR/ndf   : 24408.6

Final set of parameters            Asymptotic Standard Error
=======================            ==========================
A               = 411.964          +/- 13.43        (3.26%)
u               = 225.709          +/- 6.026        (2.67%)
r               = 138.781          +/- 8.078        (5.821%)

correlation matrix of the fit parameters:
                A      u      r      
A               1.000 
u              -0.129  1.000 
r              -0.638  0.316  1.000 


*******************************************************************************
Mon Apr 15 08:01:27 2024


FIT:    data read from 'confirmados_fecha_2.csv' using 1:3 every :::0::d
        format = x:z
        #datapoints = 384
        residuals are weighted equally (unit weight)

function used for fitting: f(x)
	f(x) = A*exp(-((x-u)/r)**2/2)
fitted parameters initialized with current variable values

iter      chisq       delta/lim  lambda   A             u             r            
   0 2.8607955074e+07   0.00e+00  7.03e+02    1.000000e+03   1.350000e+02   3.500000e+01
  12 9.2996913690e+06  -4.12e-01  7.03e-10    4.119641e+02   2.257095e+02   1.387813e+02

After 12 iterations the fit converged.
final sum of squares of residuals : 9.29969e+06
rel. change during last iteration : -4.1204e-06

degrees of freedom    (FIT_NDF)                        : 381
rms of residuals      (FIT_STDFIT) = sqrt(WSSR/ndf)    : 156.233
variance of residuals (reduced chisquare) = WSSR/ndf   : 24408.6

Final set of parameters            Asymptotic Standard Error
=======================            ==========================
A               = 411.964          +/- 13.43        (3.26%)
u               = 225.709          +/- 6.026        (2.67%)
r               = 138.781          +/- 8.078        (5.821%)

correlation matrix of the fit parameters:
                A      u      r      
A               1.000 
u              -0.129  1.000 
r              -0.638  0.316  1.000 


*******************************************************************************
Mon Apr 15 08:01:49 2024


FIT:    data read from 'confirmados_fecha_2.csv' using 1:3 every :::0::d
        format = x:z
        x range restricted to [0.00000 : 400.000]
        #datapoints = 384
        residuals are weighted equally (unit weight)

function used for fitting: f(x)
	f(x) = A*exp(-((x-u)/r)**2/2)
fitted parameters initialized with current variable values

iter      chisq       delta/lim  lambda   A             u             r            
   0 2.2638209566e+07   0.00e+00  5.63e+02    8.000000e+02   1.350000e+02   3.500000e+01
  12 9.2996901234e+06  -2.87e-01  5.63e-10    4.119540e+02   2.257224e+02   1.387926e+02

After 12 iterations the fit converged.
final sum of squares of residuals : 9.29969e+06
rel. change during last iteration : -2.86573e-06

degrees of freedom    (FIT_NDF)                        : 381
rms of residuals      (FIT_STDFIT) = sqrt(WSSR/ndf)    : 156.233
variance of residuals (reduced chisquare) = WSSR/ndf   : 24408.6

Final set of parameters            Asymptotic Standard Error
=======================            ==========================
A               = 411.954          +/- 13.43        (3.26%)
u               = 225.722          +/- 6.027        (2.67%)
r               = 138.793          +/- 8.079        (5.821%)

correlation matrix of the fit parameters:
                A      u      r      
A               1.000 
u              -0.130  1.000 
r              -0.638  0.316  1.000 


*******************************************************************************
Mon Apr 15 08:02:04 2024


FIT:    data read from 'confirmados_fecha_2.csv' using 1:3 every :::0::d
        format = x:z
        x range restricted to [0.00000 : 400.000]
        #datapoints = 384
        residuals are weighted equally (unit weight)

function used for fitting: f(x)
	f(x) = A*exp(-((x-u)/r)**2/2)
fitted parameters initialized with current variable values

iter      chisq       delta/lim  lambda   A             u             r            
   0 2.8144059422e+07   0.00e+00  7.25e+02    1.000000e+03   1.400000e+02   3.500000e+01
  12 9.2996894569e+06  -2.23e-01  7.25e-10    4.119474e+02   2.257299e+02   1.387999e+02

After 12 iterations the fit converged.
final sum of squares of residuals : 9.29969e+06
rel. change during last iteration : -2.2337e-06

degrees of freedom    (FIT_NDF)                        : 381
rms of residuals      (FIT_STDFIT) = sqrt(WSSR/ndf)    : 156.233
variance of residuals (reduced chisquare) = WSSR/ndf   : 24408.6

Final set of parameters            Asymptotic Standard Error
=======================            ==========================
A               = 411.947          +/- 13.43        (3.26%)
u               = 225.73           +/- 6.027        (2.67%)
r               = 138.8            +/- 8.08         (5.822%)

correlation matrix of the fit parameters:
                A      u      r      
A               1.000 
u              -0.130  1.000 
r              -0.638  0.317  1.000 
